<?xml version="1.0" encoding="UTF-8"?>
<!-- Generated by org.testng.reporters.JUnitReportReporter -->
<testsuite hostname="Fatimas-MBP" failures="0" tests="3" name="com.qa.hubspot.testdata.HomePageTest" time="0.000" errors="0" timestamp="15 May 2020 23:46:11 GMT" skipped="3">
  <testcase classname="com.qa.hubspot.testdata.HomePageTest" name="verifyHomePageTitleTest" time="0.000">
    <skipped/>
  </testcase> <!-- verifyHomePageTitleTest -->
  <testcase classname="com.qa.hubspot.testdata.HomePageTest" name="verifyHomeHeaderTest" time="0.000">
    <skipped/>
  </testcase> <!-- verifyHomeHeaderTest -->
  <testcase classname="com.qa.hubspot.testdata.HomePageTest" name="verifyLoggedInUserTest" time="0.000">
    <skipped/>
  </testcase> <!-- verifyLoggedInUserTest -->
</testsuite> <!-- com.qa.hubspot.testdata.HomePageTest -->
